#
# There is insufficient memory for the Java Runtime Environment to continue.
# Native memory allocation (malloc) failed to allocate 1048576 bytes for AllocateHeap
# Possible reasons:
#   The system is out of physical RAM or swap space
#   In 32 bit mode, the process size limit was hit
# Possible solutions:
#   Reduce memory load on the system
#   Increase physical memory or swap space
#   Check if swap backing store is full
#   Use 64 bit Java on a 64 bit OS
#   Decrease Java heap size (-Xmx/-Xms)
#   Decrease number of Java threads
#   Decrease Java thread stack sizes (-Xss)
#   Set larger code cache with -XX:ReservedCodeCacheSize=
# This output file may be truncated or incomplete.
#
#  Out of Memory Error (memory/allocation.inline.hpp:61), pid=49156, tid=24936
#
# JRE version:  (7.0_75-b13) (build )
# Java VM: Java HotSpot(TM) 64-Bit Server VM (24.75-b04 mixed mode windows-amd64 compressed oops)
# Failed to write core dump. Minidumps are not enabled by default on client versions of Windows
#

---------------  T H R E A D  ---------------

Current thread (0x0000000002b20800):  JavaThread "Unknown thread" [_thread_in_vm, id=24936, stack(0x0000000002a20000,0x0000000002b20000)]

Stack: [0x0000000002a20000,0x0000000002b20000]
[error occurred during error reporting (printing stack bounds), id 0xc0000005]


---------------  P R O C E S S  ---------------

Java Threads: ( => current thread )

Other Threads:

=>0x0000000002b20800 (exited) JavaThread "Unknown thread" [_thread_in_vm, id=24936, stack(0x0000000002a20000,0x0000000002b20000)]

VM state:not at safepoint (normal execution)

VM Mutex/Monitor currently owned by a thread: None

Heap
 PSYoungGen      total 76800K, used 1321K [0x00000000eaa80000, 0x00000000f0000000, 0x0000000100000000)
  eden space 66048K, 2% used [0x00000000eaa80000,0x00000000eabca428,0x00000000eeb00000)
  from space 10752K, 0% used [0x00000000ef580000,0x00000000ef580000,0x00000000f0000000)
  to   space 10752K, 0% used [0x00000000eeb00000,0x00000000eeb00000,0x00000000ef580000)
 ParOldGen       total 174080K, used 0K [0x00000000c0000000, 0x00000000caa00000, 0x00000000eaa80000)
  object space 174080K, 0% used [0x00000000c0000000,0x00000000c0000000,0x00000000caa00000)
 PSPermGen       total 21504K, used 697K [0x00000000bae00000, 0x00000000bc300000, 0x00000000c0000000)
  object space 21504K, 3% used [0x00000000bae00000,0x00000000baeae580,0x00000000bc300000)

Card table byte_map: [0x0000000005c20000,0x0000000005e50000] byte_map_base: 0x0000000005649000

Polling page: 0x00000000028c0000

Code Cache  [0x0000000002c20000, 0x0000000002e90000, 0x0000000005c20000)
 total_blobs=38 nmethods=0 adapters=20 free_code_cache=48889Kb largest_free_block=50062528

Compilation events (0 events):
No events

GC Heap History (0 events):
No events

Deoptimization events (0 events):
No events

Internal exceptions (0 events):
No events

Events (10 events):
Event: 0.044 loading class 0x0000000002b6fd80
Event: 0.044 loading class 0x0000000002b6fd80 done
Event: 0.044 loading class 0x0000000002b6fdd0
Event: 0.044 loading class 0x0000000002b6fdd0 done
Event: 0.044 loading class 0x0000000002b6fe20
Event: 0.044 loading class 0x0000000002b6fe20 done
Event: 0.045 loading class 0x0000000002b70ba0
Event: 0.045 loading class 0x0000000002b70ba0 done
Event: 0.045 loading class 0x0000000002b707c0
Event: 0.045 loading class 0x0000000002b707c0 done


Dynamic libraries:
0x00007ff696a70000 - 0x00007ff696aa3000 	C:\Program Files\Java\jdk1.7.0_75\bin\java.exe
0x00007ffa1e6f0000 - 0x00007ffa1e8b1000 	C:\WINDOWS\SYSTEM32\ntdll.dll
0x00007ffa1c0c0000 - 0x00007ffa1c16d000 	C:\WINDOWS\system32\KERNEL32.DLL
0x00007ffa1b4f0000 - 0x00007ffa1b6cd000 	C:\WINDOWS\system32\KERNELBASE.dll
0x0000000061550000 - 0x00000000615f6000 	C:\Program Files\Bitdefender\Antivirus Free Edition\avc3\avc3_sig_326\avcuf64.dll
0x00007ffa1bef0000 - 0x00007ffa1bf96000 	C:\WINDOWS\system32\ADVAPI32.dll
0x00007ffa1e590000 - 0x00007ffa1e62d000 	C:\WINDOWS\system32\msvcrt.dll
0x00007ffa1ccc0000 - 0x00007ffa1cd1b000 	C:\WINDOWS\system32\sechost.dll
0x00007ffa1bdc0000 - 0x00007ffa1bee6000 	C:\WINDOWS\system32\RPCRT4.dll
0x00007ffa1c1d0000 - 0x00007ffa1c31e000 	C:\WINDOWS\system32\USER32.dll
0x00007ffa1cb30000 - 0x00007ffa1ccb6000 	C:\WINDOWS\system32\GDI32.dll
0x00007ffa16130000 - 0x00007ffa163a4000 	C:\WINDOWS\WinSxS\amd64_microsoft.windows.common-controls_6595b64144ccf1df_6.0.10240.16384_none_f41f7b285750ef43\COMCTL32.dll
0x00007ffa1cfb0000 - 0x00007ffa1cfe6000 	C:\WINDOWS\system32\IMM32.DLL
0x00007ffa1c9d0000 - 0x00007ffa1cb2c000 	C:\WINDOWS\system32\MSCTF.dll
0x0000000060900000 - 0x00000000609d2000 	C:\Program Files\Java\jdk1.7.0_75\jre\bin\msvcr100.dll
0x0000000060120000 - 0x00000000608f4000 	C:\Program Files\Java\jdk1.7.0_75\jre\bin\server\jvm.dll
0x00007ffa1c5d0000 - 0x00007ffa1c5d8000 	C:\WINDOWS\system32\PSAPI.DLL
0x00007ffa123c0000 - 0x00007ffa123c9000 	C:\WINDOWS\SYSTEM32\WSOCK32.dll
0x00007ffa1c320000 - 0x00007ffa1c389000 	C:\WINDOWS\system32\WS2_32.dll
0x00007ffa1c5c0000 - 0x00007ffa1c5c8000 	C:\WINDOWS\system32\NSI.dll
0x00007ffa19210000 - 0x00007ffa19233000 	C:\WINDOWS\SYSTEM32\WINMM.dll
0x00007ffa19130000 - 0x00007ffa1915c000 	C:\WINDOWS\SYSTEM32\WINMMBASE.dll
0x00007ffa1b3f0000 - 0x00007ffa1b434000 	C:\WINDOWS\system32\cfgmgr32.dll
0x00007ffa19a90000 - 0x00007ffa19ab7000 	C:\WINDOWS\SYSTEM32\DEVOBJ.dll
0x0000000001140000 - 0x000000000114f000 	C:\Program Files\Java\jdk1.7.0_75\jre\bin\verify.dll
0x00000000600f0000 - 0x0000000060118000 	C:\Program Files\Java\jdk1.7.0_75\jre\bin\java.dll
0x00000000600d0000 - 0x00000000600e5000 	C:\Program Files\Java\jdk1.7.0_75\jre\bin\zip.dll

VM Arguments:
jvm_args: -Djava.awt.headless=true -Xmx1024M -Dfile.encoding=windows-1252 -Duser.country=US -Duser.language=en -Duser.variant 
java_command: com.android.dx.command.Main --dex --output E:\Dropbox\Dropbox\university\postpc\Simple-Lockscreen\app\build\intermediates\pre-dexed\debug\debug_8f2226b7a936373d0846dee989b68ab5e36ade68.jar E:\Dropbox\Dropbox\university\postpc\Simple-Lockscreen\app\build\intermediates\classes\debug
Launcher Type: SUN_STANDARD

Environment Variables:
PATH=